{"/Users/alexpinaida/Code/Coderhouse/EjerciciosComisionMarzo/4taPracticaIntegradora/src/config/config.js": {"path":"/Users/alexpinaida/Code/Coderhouse/EjerciciosComisionMarzo/4taPracticaIntegradora/src/config/config.js","statementMap":{"0":{"start":{"line":3,"column":0},"end":{"line":3,"column":16}}},"fnMap":{},"branchMap":{},"s":{"0":1},"f":{},"b":{},"_coverageSchema":"1a1c01bbd47fc00a2c39e90264f33305004495a9","hash":"3822cacbf31b7c7506fab70d2dfa3d9e7c3ab61d"}
,"/Users/alexpinaida/Code/Coderhouse/EjerciciosComisionMarzo/4taPracticaIntegradora/src/config/contants.js": {"path":"/Users/alexpinaida/Code/Coderhouse/EjerciciosComisionMarzo/4taPracticaIntegradora/src/config/contants.js","statementMap":{"0":{"start":{"line":1,"column":20},"end":{"line":1,"column":32}}},"fnMap":{},"branchMap":{},"s":{"0":1},"f":{},"b":{},"_coverageSchema":"1a1c01bbd47fc00a2c39e90264f33305004495a9","hash":"d9749abd45590bafb845a14cf3ff08c45a42c197"}
,"/Users/alexpinaida/Code/Coderhouse/EjerciciosComisionMarzo/4taPracticaIntegradora/src/dao/dbManagers/courses.js": {"path":"/Users/alexpinaida/Code/Coderhouse/EjerciciosComisionMarzo/4taPracticaIntegradora/src/dao/dbManagers/courses.js","statementMap":{"0":{"start":{"line":5,"column":8},"end":{"line":5,"column":46}},"1":{"start":{"line":8,"column":13},"end":{"line":11,"column":5}},"2":{"start":{"line":9,"column":24},"end":{"line":9,"column":55}},"3":{"start":{"line":10,"column":8},"end":{"line":10,"column":23}},"4":{"start":{"line":13,"column":11},"end":{"line":16,"column":5}},"5":{"start":{"line":14,"column":23},"end":{"line":14,"column":55}},"6":{"start":{"line":15,"column":8},"end":{"line":15,"column":22}},"7":{"start":{"line":18,"column":13},"end":{"line":21,"column":5}},"8":{"start":{"line":19,"column":23},"end":{"line":19,"column":71}},"9":{"start":{"line":20,"column":8},"end":{"line":20,"column":22}},"10":{"start":{"line":23,"column":14},"end":{"line":26,"column":5}},"11":{"start":{"line":24,"column":23},"end":{"line":24,"column":66}},"12":{"start":{"line":25,"column":8},"end":{"line":25,"column":22}}},"fnMap":{"0":{"name":"(anonymous_0)","decl":{"start":{"line":4,"column":4},"end":{"line":4,"column":5}},"loc":{"start":{"line":4,"column":18},"end":{"line":6,"column":5}},"line":4},"1":{"name":"(anonymous_1)","decl":{"start":{"line":8,"column":13},"end":{"line":8,"column":14}},"loc":{"start":{"line":8,"column":25},"end":{"line":11,"column":5}},"line":8},"2":{"name":"(anonymous_2)","decl":{"start":{"line":13,"column":11},"end":{"line":13,"column":12}},"loc":{"start":{"line":13,"column":29},"end":{"line":16,"column":5}},"line":13},"3":{"name":"(anonymous_3)","decl":{"start":{"line":18,"column":13},"end":{"line":18,"column":14}},"loc":{"start":{"line":18,"column":35},"end":{"line":21,"column":5}},"line":18},"4":{"name":"(anonymous_4)","decl":{"start":{"line":23,"column":14},"end":{"line":23,"column":15}},"loc":{"start":{"line":23,"column":28},"end":{"line":26,"column":5}},"line":23}},"branchMap":{},"s":{"0":1,"1":1,"2":1,"3":1,"4":1,"5":1,"6":1,"7":1,"8":0,"9":0,"10":1,"11":0,"12":0},"f":{"0":1,"1":1,"2":1,"3":0,"4":0},"b":{},"_coverageSchema":"1a1c01bbd47fc00a2c39e90264f33305004495a9","hash":"9e81a60077e659872811ff2ea3def4cedddcf8a9"}
,"/Users/alexpinaida/Code/Coderhouse/EjerciciosComisionMarzo/4taPracticaIntegradora/src/dao/dbManagers/users.js": {"path":"/Users/alexpinaida/Code/Coderhouse/EjerciciosComisionMarzo/4taPracticaIntegradora/src/dao/dbManagers/users.js","statementMap":{"0":{"start":{"line":5,"column":8},"end":{"line":5,"column":44}},"1":{"start":{"line":8,"column":13},"end":{"line":11,"column":5}},"2":{"start":{"line":9,"column":22},"end":{"line":9,"column":44}},"3":{"start":{"line":10,"column":8},"end":{"line":10,"column":50}},"4":{"start":{"line":10,"column":33},"end":{"line":10,"column":48}},"5":{"start":{"line":13,"column":17},"end":{"line":16,"column":5}},"6":{"start":{"line":14,"column":21},"end":{"line":14,"column":62}},"7":{"start":{"line":15,"column":8},"end":{"line":15,"column":20}},"8":{"start":{"line":18,"column":11},"end":{"line":21,"column":5}},"9":{"start":{"line":19,"column":23},"end":{"line":19,"column":51}},"10":{"start":{"line":20,"column":8},"end":{"line":20,"column":22}}},"fnMap":{"0":{"name":"(anonymous_0)","decl":{"start":{"line":4,"column":4},"end":{"line":4,"column":5}},"loc":{"start":{"line":4,"column":18},"end":{"line":6,"column":5}},"line":4},"1":{"name":"(anonymous_1)","decl":{"start":{"line":8,"column":13},"end":{"line":8,"column":14}},"loc":{"start":{"line":8,"column":25},"end":{"line":11,"column":5}},"line":8},"2":{"name":"(anonymous_2)","decl":{"start":{"line":10,"column":25},"end":{"line":10,"column":26}},"loc":{"start":{"line":10,"column":33},"end":{"line":10,"column":48}},"line":10},"3":{"name":"(anonymous_3)","decl":{"start":{"line":13,"column":17},"end":{"line":13,"column":18}},"loc":{"start":{"line":13,"column":34},"end":{"line":16,"column":5}},"line":13},"4":{"name":"(anonymous_4)","decl":{"start":{"line":18,"column":11},"end":{"line":18,"column":12}},"loc":{"start":{"line":18,"column":27},"end":{"line":21,"column":5}},"line":18}},"branchMap":{},"s":{"0":2,"1":2,"2":0,"3":0,"4":0,"5":2,"6":0,"7":0,"8":2,"9":0,"10":0},"f":{"0":2,"1":0,"2":0,"3":0,"4":0},"b":{},"_coverageSchema":"1a1c01bbd47fc00a2c39e90264f33305004495a9","hash":"4dc3f78e12f4538fe28c07e4a9096d9ed8b970c6"}
,"/Users/alexpinaida/Code/Coderhouse/EjerciciosComisionMarzo/4taPracticaIntegradora/src/dao/models/courses.js": {"path":"/Users/alexpinaida/Code/Coderhouse/EjerciciosComisionMarzo/4taPracticaIntegradora/src/dao/models/courses.js","statementMap":{"0":{"start":{"line":3,"column":25},"end":{"line":3,"column":34}},"1":{"start":{"line":5,"column":21},"end":{"line":22,"column":2}},"2":{"start":{"line":24,"column":27},"end":{"line":24,"column":73}}},"fnMap":{},"branchMap":{},"s":{"0":1,"1":1,"2":1},"f":{},"b":{},"_coverageSchema":"1a1c01bbd47fc00a2c39e90264f33305004495a9","hash":"4cf8bf2a0b7239ffbb4d99680202f1d932a22b40"}
,"/Users/alexpinaida/Code/Coderhouse/EjerciciosComisionMarzo/4taPracticaIntegradora/src/dao/models/users.js": {"path":"/Users/alexpinaida/Code/Coderhouse/EjerciciosComisionMarzo/4taPracticaIntegradora/src/dao/models/users.js","statementMap":{"0":{"start":{"line":3,"column":23},"end":{"line":3,"column":30}},"1":{"start":{"line":5,"column":19},"end":{"line":28,"column":2}},"2":{"start":{"line":30,"column":25},"end":{"line":30,"column":67}}},"fnMap":{},"branchMap":{},"s":{"0":1,"1":1,"2":1},"f":{},"b":{},"_coverageSchema":"1a1c01bbd47fc00a2c39e90264f33305004495a9","hash":"e22181b241c956c96056d3b19518220063508a34"}
,"/Users/alexpinaida/Code/Coderhouse/EjerciciosComisionMarzo/4taPracticaIntegradora/src/repositories/users.js": {"path":"/Users/alexpinaida/Code/Coderhouse/EjerciciosComisionMarzo/4taPracticaIntegradora/src/repositories/users.js","statementMap":{"0":{"start":{"line":3,"column":8},"end":{"line":3,"column":23}},"1":{"start":{"line":6,"column":17},"end":{"line":9,"column":5}},"2":{"start":{"line":7,"column":23},"end":{"line":7,"column":55}},"3":{"start":{"line":8,"column":8},"end":{"line":8,"column":22}},"4":{"start":{"line":11,"column":11},"end":{"line":14,"column":5}},"5":{"start":{"line":12,"column":23},"end":{"line":12,"column":48}},"6":{"start":{"line":13,"column":8},"end":{"line":13,"column":22}}},"fnMap":{"0":{"name":"(anonymous_0)","decl":{"start":{"line":2,"column":4},"end":{"line":2,"column":5}},"loc":{"start":{"line":2,"column":21},"end":{"line":4,"column":5}},"line":2},"1":{"name":"(anonymous_1)","decl":{"start":{"line":6,"column":17},"end":{"line":6,"column":18}},"loc":{"start":{"line":6,"column":34},"end":{"line":9,"column":5}},"line":6},"2":{"name":"(anonymous_2)","decl":{"start":{"line":11,"column":11},"end":{"line":11,"column":12}},"loc":{"start":{"line":11,"column":27},"end":{"line":14,"column":5}},"line":11}},"branchMap":{},"s":{"0":2,"1":2,"2":0,"3":0,"4":2,"5":0,"6":0},"f":{"0":2,"1":0,"2":0},"b":{},"_coverageSchema":"1a1c01bbd47fc00a2c39e90264f33305004495a9","hash":"dcb90a5fd8222ae3b80c459942ca2c7c5077f204"}
,"/Users/alexpinaida/Code/Coderhouse/EjerciciosComisionMarzo/4taPracticaIntegradora/src/services/mail.js": {"path":"/Users/alexpinaida/Code/Coderhouse/EjerciciosComisionMarzo/4taPracticaIntegradora/src/services/mail.js","statementMap":{"0":{"start":{"line":3,"column":25},"end":{"line":10,"column":1}},"1":{"start":{"line":4,"column":4},"end":{"line":9,"column":6}}},"fnMap":{"0":{"name":"(anonymous_0)","decl":{"start":{"line":3,"column":25},"end":{"line":3,"column":26}},"loc":{"start":{"line":3,"column":41},"end":{"line":10,"column":1}},"line":3}},"branchMap":{},"s":{"0":1,"1":0},"f":{"0":0},"b":{},"_coverageSchema":"1a1c01bbd47fc00a2c39e90264f33305004495a9","hash":"6d7f1de48d32ff91d74c1a9fa721b013388510f9"}
,"/Users/alexpinaida/Code/Coderhouse/EjerciciosComisionMarzo/4taPracticaIntegradora/src/services/users.js": {"path":"/Users/alexpinaida/Code/Coderhouse/EjerciciosComisionMarzo/4taPracticaIntegradora/src/services/users.js","statementMap":{"0":{"start":{"line":10,"column":8},"end":{"line":10,"column":47}},"1":{"start":{"line":14,"column":21},"end":{"line":14,"column":65}},"2":{"start":{"line":15,"column":8},"end":{"line":17,"column":9}},"3":{"start":{"line":16,"column":12},"end":{"line":16,"column":53}},"4":{"start":{"line":18,"column":8},"end":{"line":18,"column":20}},"5":{"start":{"line":22,"column":32},"end":{"line":22,"column":63}},"6":{"start":{"line":24,"column":8},"end":{"line":26,"column":9}},"7":{"start":{"line":25,"column":12},"end":{"line":25,"column":72}},"8":{"start":{"line":28,"column":28},"end":{"line":28,"column":47}},"9":{"start":{"line":30,"column":22},"end":{"line":34,"column":9}},"10":{"start":{"line":36,"column":8},"end":{"line":36,"column":31}},"11":{"start":{"line":38,"column":8},"end":{"line":38,"column":27}},"12":{"start":{"line":42,"column":21},"end":{"line":42,"column":65}},"13":{"start":{"line":43,"column":8},"end":{"line":43,"column":26}},"14":{"start":{"line":44,"column":8},"end":{"line":46,"column":9}},"15":{"start":{"line":45,"column":12},"end":{"line":45,"column":63}},"16":{"start":{"line":50,"column":31},"end":{"line":50,"column":56}},"17":{"start":{"line":51,"column":8},"end":{"line":51,"column":39}},"18":{"start":{"line":52,"column":23},"end":{"line":52,"column":60}},"19":{"start":{"line":53,"column":8},"end":{"line":53,"column":22}}},"fnMap":{"0":{"name":"(anonymous_0)","decl":{"start":{"line":9,"column":4},"end":{"line":9,"column":5}},"loc":{"start":{"line":9,"column":33},"end":{"line":11,"column":5}},"line":9},"1":{"name":"(anonymous_1)","decl":{"start":{"line":13,"column":4},"end":{"line":13,"column":5}},"loc":{"start":{"line":13,"column":29},"end":{"line":19,"column":5}},"line":13},"2":{"name":"(anonymous_2)","decl":{"start":{"line":21,"column":4},"end":{"line":21,"column":5}},"loc":{"start":{"line":21,"column":33},"end":{"line":39,"column":5}},"line":21},"3":{"name":"(anonymous_3)","decl":{"start":{"line":41,"column":4},"end":{"line":41,"column":5}},"loc":{"start":{"line":41,"column":37},"end":{"line":47,"column":5}},"line":41},"4":{"name":"(anonymous_4)","decl":{"start":{"line":49,"column":4},"end":{"line":49,"column":5}},"loc":{"start":{"line":49,"column":26},"end":{"line":54,"column":5}},"line":49}},"branchMap":{"0":{"loc":{"start":{"line":15,"column":8},"end":{"line":17,"column":9}},"type":"if","locations":[{"start":{"line":15,"column":8},"end":{"line":17,"column":9}},{"start":{},"end":{}}],"line":15},"1":{"loc":{"start":{"line":24,"column":8},"end":{"line":26,"column":9}},"type":"if","locations":[{"start":{"line":24,"column":8},"end":{"line":26,"column":9}},{"start":{},"end":{}}],"line":24},"2":{"loc":{"start":{"line":44,"column":8},"end":{"line":46,"column":9}},"type":"if","locations":[{"start":{"line":44,"column":8},"end":{"line":46,"column":9}},{"start":{},"end":{}}],"line":44}},"s":{"0":2,"1":2,"2":2,"3":1,"4":1,"5":0,"6":0,"7":0,"8":0,"9":0,"10":0,"11":0,"12":0,"13":0,"14":0,"15":0,"16":0,"17":0,"18":0,"19":0},"f":{"0":2,"1":2,"2":0,"3":0,"4":0},"b":{"0":[1,1],"1":[0,0],"2":[0,0]},"_coverageSchema":"1a1c01bbd47fc00a2c39e90264f33305004495a9","hash":"a35aed37243e39e191c97c2103a7583438a15945"}
,"/Users/alexpinaida/Code/Coderhouse/EjerciciosComisionMarzo/4taPracticaIntegradora/src/utils/custom-exceptions.js": {"path":"/Users/alexpinaida/Code/Coderhouse/EjerciciosComisionMarzo/4taPracticaIntegradora/src/utils/custom-exceptions.js","statementMap":{"0":{"start":{"line":3,"column":8},"end":{"line":3,"column":23}},"1":{"start":{"line":4,"column":8},"end":{"line":4,"column":42}},"2":{"start":{"line":10,"column":8},"end":{"line":10,"column":23}},"3":{"start":{"line":11,"column":8},"end":{"line":11,"column":42}},"4":{"start":{"line":17,"column":8},"end":{"line":17,"column":23}},"5":{"start":{"line":18,"column":8},"end":{"line":18,"column":42}}},"fnMap":{"0":{"name":"(anonymous_0)","decl":{"start":{"line":2,"column":4},"end":{"line":2,"column":5}},"loc":{"start":{"line":2,"column":25},"end":{"line":5,"column":5}},"line":2},"1":{"name":"(anonymous_1)","decl":{"start":{"line":9,"column":4},"end":{"line":9,"column":5}},"loc":{"start":{"line":9,"column":25},"end":{"line":12,"column":5}},"line":9},"2":{"name":"(anonymous_2)","decl":{"start":{"line":16,"column":4},"end":{"line":16,"column":5}},"loc":{"start":{"line":16,"column":25},"end":{"line":19,"column":5}},"line":16}},"branchMap":{},"s":{"0":1,"1":1,"2":0,"3":0,"4":0,"5":0},"f":{"0":1,"1":0,"2":0},"b":{},"_coverageSchema":"1a1c01bbd47fc00a2c39e90264f33305004495a9","hash":"b04c2c8fd49a191204fe92ae5b3d9e99f9c729cf"}
,"/Users/alexpinaida/Code/Coderhouse/EjerciciosComisionMarzo/4taPracticaIntegradora/src/utils/custom-html.js": {"path":"/Users/alexpinaida/Code/Coderhouse/EjerciciosComisionMarzo/4taPracticaIntegradora/src/utils/custom-html.js","statementMap":{"0":{"start":{"line":1,"column":33},"end":{"line":58,"column":8}}},"fnMap":{},"branchMap":{},"s":{"0":1},"f":{},"b":{},"_coverageSchema":"1a1c01bbd47fc00a2c39e90264f33305004495a9","hash":"0d0d82fd07cc64856e80915842196fa3b509feaa"}
,"/Users/alexpinaida/Code/Coderhouse/EjerciciosComisionMarzo/4taPracticaIntegradora/src/utils/utils.js": {"path":"/Users/alexpinaida/Code/Coderhouse/EjerciciosComisionMarzo/4taPracticaIntegradora/src/utils/utils.js","statementMap":{"0":{"start":{"line":10,"column":19},"end":{"line":10,"column":49}},"1":{"start":{"line":11,"column":18},"end":{"line":11,"column":42}},"2":{"start":{"line":12,"column":22},"end":{"line":12,"column":48}},"3":{"start":{"line":14,"column":19},"end":{"line":15,"column":53}},"4":{"start":{"line":15,"column":4},"end":{"line":15,"column":53}},"5":{"start":{"line":17,"column":24},"end":{"line":18,"column":47}},"6":{"start":{"line":18,"column":4},"end":{"line":18,"column":47}},"7":{"start":{"line":20,"column":22},"end":{"line":23,"column":1}},"8":{"start":{"line":21,"column":18},"end":{"line":21,"column":71}},"9":{"start":{"line":22,"column":4},"end":{"line":22,"column":17}},"10":{"start":{"line":25,"column":20},"end":{"line":32,"column":2}},"11":{"start":{"line":34,"column":27},"end":{"line":47,"column":1}},"12":{"start":{"line":49,"column":15},"end":{"line":67,"column":2}},"13":{"start":{"line":69,"column":18},"end":{"line":73,"column":1}},"14":{"start":{"line":70,"column":4},"end":{"line":70,"column":24}},"15":{"start":{"line":71,"column":4},"end":{"line":71,"column":81}},"16":{"start":{"line":72,"column":4},"end":{"line":72,"column":11}}},"fnMap":{"0":{"name":"(anonymous_0)","decl":{"start":{"line":14,"column":19},"end":{"line":14,"column":20}},"loc":{"start":{"line":15,"column":4},"end":{"line":15,"column":53}},"line":15},"1":{"name":"(anonymous_1)","decl":{"start":{"line":17,"column":24},"end":{"line":17,"column":25}},"loc":{"start":{"line":18,"column":4},"end":{"line":18,"column":47}},"line":18},"2":{"name":"(anonymous_2)","decl":{"start":{"line":20,"column":22},"end":{"line":20,"column":23}},"loc":{"start":{"line":20,"column":32},"end":{"line":23,"column":1}},"line":20},"3":{"name":"(anonymous_3)","decl":{"start":{"line":69,"column":18},"end":{"line":69,"column":19}},"loc":{"start":{"line":69,"column":38},"end":{"line":73,"column":1}},"line":69}},"branchMap":{},"s":{"0":1,"1":1,"2":1,"3":1,"4":0,"5":1,"6":0,"7":1,"8":0,"9":0,"10":1,"11":1,"12":1,"13":1,"14":0,"15":0,"16":0},"f":{"0":0,"1":0,"2":0,"3":0},"b":{},"_coverageSchema":"1a1c01bbd47fc00a2c39e90264f33305004495a9","hash":"190de976084bf067df0057d88b1806ee82832966"}
}
